<?xml version="1.0" encoding="UTF-8"?>
<testng-results ignored="0" total="1" passed="1" failed="0" skipped="0">
  <reporter-output>
  </reporter-output>
  <suite started-at="2022-10-06T23:25:30 EDT" name="All Test Suite" finished-at="2022-10-06T23:25:42 EDT" duration-ms="11460">
    <groups>
    </groups>
    <test started-at="2022-10-06T23:25:30 EDT" name="Regression" finished-at="2022-10-06T23:25:42 EDT" duration-ms="11460">
      <class name="WebImplement.mavenEndToEndTest">
        <test-method signature="mavenEndEnd(java.lang.String,java.lang.String,java.lang.String,java.lang.String,java.lang.String)[pri:0, instance:WebImplement.mavenEndToEndTest@2ea41516]" started-at="2022-10-06T23:25:30 EDT" name="mavenEndEnd" finished-at="2022-10-06T23:25:42 EDT" duration-ms="11436" status="PASS">
          <params>
            <param index="0">
              <value>
                <![CDATA[https://rahulshettyacademy.com/client]]>
              </value>
            </param>
            <param index="1">
              <value>
                <![CDATA[webdriver.gecko.driver]]>
              </value>
            </param>
            <param index="2">
              <value>
                <![CDATA[/Users/fayeemmooktadeer/Downloads/geckodriver]]>
              </value>
            </param>
            <param index="3">
              <value>
                <![CDATA[fayeemajidul@gmail.com]]>
              </value>
            </param>
            <param index="4">
              <value>
                <![CDATA[Password123]]>
              </value>
            </param>
          </params>
          <reporter-output>
          </reporter-output>
        </test-method> <!-- mavenEndEnd -->
      </class> <!-- WebImplement.mavenEndToEndTest -->
    </test> <!-- Regression -->
  </suite> <!-- All Test Suite -->
</testng-results>
