<?xml version="1.0" encoding="UTF-8"?>
<testsuite xmlns:xsi="http://www.w3.org/2001/XMLSchema-instance" xsi:noNamespaceSchemaLocation="https://maven.apache.org/surefire/maven-surefire-plugin/xsd/surefire-test-report-3.0.xsd" version="3.0" name="TestSuite" time="14.164" tests="1" errors="0" skipped="0" failures="0">
  <properties>
[...]
</properties>
  <testcase name="mavenEndEnd[https://rahulshettyacademy.com/client, webdriver.gecko.driver, /Users/fayeemmooktadeer/Downloads/geckodriver, fayeemajidul@gmail.com, Password123](1)" classname="WebImplement.mavenEndToEndTest" time="13.285">
    <system-err><![CDATA[SLF4J: Failed to load class "org.slf4j.impl.StaticLoggerBinder".
SLF4J: Defaulting to no-operation (NOP) logger implementation
SLF4J: See http://www.slf4j.org/codes.html#StaticLoggerBinder for further details.
1665197674510	geckodriver	INFO	Listening on 127.0.0.1:61778
1665197674769	mozrunner::runner	INFO	Running command: "/Applications/Firefox.app/Contents/MacOS/firefox-bin" "--marionette" "headless" "--remote-debugging-port" "54970" "--remote-allow-hosts" "localhost" "--remote-allow-origins" "http://127.0.0.1:54970/,http://localhost:54970/,http://[::1]:54970/" "-foreground" "-no-remote" "-profile" "/var/folders/5s/r45ms75d7ydfv1p3hzj891xc0000gn/T/rust_mozprofilehwlem7"
2022-10-07 22:54:35.396 plugin-container[52861:15255570] nil host used in call to allowsSpecificHTTPSCertificateForHost
2022-10-07 22:54:35.396 plugin-container[52861:15255570] nil host used in call to allowsAnyHTTPSCertificateForHost:
2022-10-07 22:54:35.400 plugin-container[52861:15255570] nil host used in call to allowsSpecificHTTPSCertificateForHost
2022-10-07 22:54:35.400 plugin-container[52861:15255570] nil host used in call to allowsAnyHTTPSCertificateForHost:
2022-10-07 22:54:35.401 plugin-container[52861:15255577] nil host used in call to allowsSpecificHTTPSCertificateForHost
2022-10-07 22:54:35.401 plugin-container[52861:15255577] nil host used in call to allowsAnyHTTPSCertificateForHost:
1665197675417	Marionette	INFO	Marionette enabled
1665197675459	Marionette	INFO	Listening on port 60813
Read port: 60813
WebDriver BiDi listening on ws://127.0.0.1:54970
1665197675811	RemoteAgent	WARN	TLS certificate errors will be ignored for this session
console.warn: SearchSettings: "get: No settings file exists, new profile?" (new NotFoundError("Could not open the file at /var/folders/5s/r45ms75d7ydfv1p3hzj891xc0000gn/T/rust_mozprofilehwlem7/search.json.mozlz4", (void 0)))
DevTools listening on ws://127.0.0.1:54970/devtools/browser/8dac01ad-783e-46e3-a8dc-b085c0835bb1
Oct 07, 2022 10:54:38 PM org.openqa.selenium.remote.ProtocolHandshake createSession
INFO: Detected upstream dialect: W3C
console.warn: LoginRecipes: "Falling back to a synchronous message for: https://rahulshettyacademy.com."
console.warn: LoginRecipes: "Falling back to a synchronous message for: https://rahulshettyacademy.com."
1665197686519	RemoteAgent	INFO	Perform WebSocket upgrade for incoming connection from 127.0.0.1:61087
1665197686523	CDP	ERROR	Invalid browser preferences for CDP. Set "fission.webContentIsolationStrategy"to 0 and "fission.bfcacheInParent" to false before Firefox starts.
Oct 07, 2022 10:54:46 PM org.openqa.selenium.devtools.CdpVersionFinder findNearestMatch
INFO: Found exact CDP implementation for version 85
1665197686551	Marionette	INFO	Stopped listening on port 60813
]]></system-err>
  </testcase>
</testsuite>