<?xml version="1.0" encoding="UTF-8"?>
<testng-results ignored="0" total="1" passed="1" failed="0" skipped="0">
  <reporter-output>
  </reporter-output>
  <suite started-at="2022-10-07T23:46:10 EDT" name="All Test Suite" finished-at="2022-10-07T23:46:10 EDT" duration-ms="41">
    <groups>
    </groups>
    <test started-at="2022-10-07T23:46:10 EDT" name="BDDFrameWorkTest" finished-at="2022-10-07T23:46:10 EDT" duration-ms="41">
      <class name="BDDFrameWork">
        <test-method signature="BDDtrialTest()[pri:0, instance:BDDFrameWork@78e94dcf]" started-at="2022-10-07T23:46:10 EDT" name="BDDtrialTest" finished-at="2022-10-07T23:46:10 EDT" duration-ms="4" status="PASS">
          <reporter-output>
          </reporter-output>
        </test-method> <!-- BDDtrialTest -->
      </class> <!-- BDDFrameWork -->
    </test> <!-- BDDFrameWorkTest -->
  </suite> <!-- All Test Suite -->
</testng-results>
