<?xml version="1.0" encoding="UTF-8"?>
<testsuite xmlns:xsi="http://www.w3.org/2001/XMLSchema-instance" xsi:noNamespaceSchemaLocation="https://maven.apache.org/surefire/maven-surefire-plugin/xsd/surefire-test-report-3.0.xsd" version="3.0" name="TestSuite" time="5.182" tests="1" errors="0" skipped="0" failures="1">
  <properties>
[...]
</properties>
  <testcase name="FlightTest[http://automationpractice.com/index.php?, webdriver.gecko.driver, /Users/fayeemmooktadeer/Downloads/geckodriver, fayeemf@gmail.com, Kuta123](1)" classname="POMstructure.FlightEndToEndTest" time="4.821">
    <failure message="TypeError: browsingContext.currentWindowGlobal is null&#10;Build info: version: &apos;4.5.0&apos;, revision: &apos;fe167b119a&apos;&#10;System info: os.name: &apos;Mac OS X&apos;, os.arch: &apos;x86_64&apos;, os.version: &apos;11.1&apos;, java.version: &apos;17.0.1&apos;&#10;Driver info: org.openqa.selenium.firefox.FirefoxDriver&#10;Command: [894e39de-0e70-461f-a79e-f859609890d5, findElement {using=class name, value=login}]&#10;Capabilities {acceptInsecureCerts: true, browserName: firefox, browserVersion: 105.0.3, moz:accessibilityChecks: false, moz:buildID: 20221007134813, moz:debuggerAddress: 127.0.0.1:58894, moz:geckodriverVersion: 0.31.0, moz:headless: false, moz:platformVersion: 21.2.0, moz:processID: 86864, moz:profile: /var/folders/5s/r45ms75d7yd..., moz:shutdownTimeout: 60000, moz:useNonSpecCompliantPointerOrigin: false, moz:webdriverClick: true, moz:windowless: false, pageLoadStrategy: normal, platformName: MAC, proxy: Proxy(), se:cdp: ws://127.0.0.1:58894/devtoo..., se:cdpVersion: 85.0, setWindowRect: true, strictFileInteractability: false, timeouts: {implicit: 0, pageLoad: 300000, script: 30000}, unhandledPromptBehavior: dismiss and notify}&#10;Session ID: 894e39de-0e70-461f-a79e-f859609890d5" type="org.openqa.selenium.WebDriverException"><![CDATA[org.openqa.selenium.WebDriverException: 
TypeError: browsingContext.currentWindowGlobal is null
Build info: version: '4.5.0', revision: 'fe167b119a'
System info: os.name: 'Mac OS X', os.arch: 'x86_64', os.version: '11.1', java.version: '17.0.1'
Driver info: org.openqa.selenium.firefox.FirefoxDriver
Command: [894e39de-0e70-461f-a79e-f859609890d5, findElement {using=class name, value=login}]
Capabilities {acceptInsecureCerts: true, browserName: firefox, browserVersion: 105.0.3, moz:accessibilityChecks: false, moz:buildID: 20221007134813, moz:debuggerAddress: 127.0.0.1:58894, moz:geckodriverVersion: 0.31.0, moz:headless: false, moz:platformVersion: 21.2.0, moz:processID: 86864, moz:profile: /var/folders/5s/r45ms75d7yd..., moz:shutdownTimeout: 60000, moz:useNonSpecCompliantPointerOrigin: false, moz:webdriverClick: true, moz:windowless: false, pageLoadStrategy: normal, platformName: MAC, proxy: Proxy(), se:cdp: ws://127.0.0.1:58894/devtoo..., se:cdpVersion: 85.0, setWindowRect: true, strictFileInteractability: false, timeouts: {implicit: 0, pageLoad: 300000, script: 30000}, unhandledPromptBehavior: dismiss and notify}
Session ID: 894e39de-0e70-461f-a79e-f859609890d5
	at java.base/jdk.internal.reflect.NativeConstructorAccessorImpl.newInstance0(Native Method)
	at java.base/jdk.internal.reflect.NativeConstructorAccessorImpl.newInstance(NativeConstructorAccessorImpl.java:77)
	at java.base/jdk.internal.reflect.DelegatingConstructorAccessorImpl.newInstance(DelegatingConstructorAccessorImpl.java:45)
	at java.base/java.lang.reflect.Constructor.newInstanceWithCaller(Constructor.java:499)
	at java.base/java.lang.reflect.Constructor.newInstance(Constructor.java:480)
	at org.openqa.selenium.remote.codec.w3c.W3CHttpResponseCodec.createException(W3CHttpResponseCodec.java:200)
	at org.openqa.selenium.remote.codec.w3c.W3CHttpResponseCodec.decode(W3CHttpResponseCodec.java:133)
	at org.openqa.selenium.remote.codec.w3c.W3CHttpResponseCodec.decode(W3CHttpResponseCodec.java:53)
	at org.openqa.selenium.remote.HttpCommandExecutor.execute(HttpCommandExecutor.java:184)
	at org.openqa.selenium.remote.service.DriverCommandExecutor.invokeExecute(DriverCommandExecutor.java:167)
	at org.openqa.selenium.remote.service.DriverCommandExecutor.execute(DriverCommandExecutor.java:142)
	at org.openqa.selenium.remote.RemoteWebDriver.execute(RemoteWebDriver.java:547)
	at org.openqa.selenium.remote.ElementLocation$ElementFinder$2.findElement(ElementLocation.java:162)
	at org.openqa.selenium.remote.ElementLocation.findElement(ElementLocation.java:66)
	at org.openqa.selenium.remote.RemoteWebDriver.findElement(RemoteWebDriver.java:365)
	at org.openqa.selenium.remote.RemoteWebDriver.findElement(RemoteWebDriver.java:357)
	at org.openqa.selenium.support.pagefactory.DefaultElementLocator.findElement(DefaultElementLocator.java:70)
	at org.openqa.selenium.support.pagefactory.internal.LocatingElementHandler.invoke(LocatingElementHandler.java:39)
	at jdk.proxy2/jdk.proxy2.$Proxy11.isDisplayed(Unknown Source)
	at org.openqa.selenium.support.ui.ExpectedConditions.elementIfVisible(ExpectedConditions.java:307)
	at org.openqa.selenium.support.ui.ExpectedConditions.access$000(ExpectedConditions.java:40)
	at org.openqa.selenium.support.ui.ExpectedConditions$10.apply(ExpectedConditions.java:293)
	at org.openqa.selenium.support.ui.ExpectedConditions$10.apply(ExpectedConditions.java:290)
	at org.openqa.selenium.support.ui.FluentWait.until(FluentWait.java:208)
	at GlobalProperties.AbstractWaits.AbstractWaitVis(AbstractWaits.java:27)
	at POMstructure.InitialLoginPage.loginSetup(InitialLoginPage.java:35)
	at POMstructure.InitialLoginPage.signIn(InitialLoginPage.java:45)
	at POMstructure.FlightEndToEndTest.FlightTest(FlightEndToEndTest.java:35)
	at java.base/jdk.internal.reflect.NativeMethodAccessorImpl.invoke0(Native Method)
	at java.base/jdk.internal.reflect.NativeMethodAccessorImpl.invoke(NativeMethodAccessorImpl.java:77)
	at java.base/jdk.internal.reflect.DelegatingMethodAccessorImpl.invoke(DelegatingMethodAccessorImpl.java:43)
	at java.base/java.lang.reflect.Method.invoke(Method.java:568)
	at org.testng.internal.invokers.MethodInvocationHelper.invokeMethod(MethodInvocationHelper.java:139)
	at org.testng.internal.invokers.TestInvoker.invokeMethod(TestInvoker.java:677)
	at org.testng.internal.invokers.TestInvoker.invokeTestMethod(TestInvoker.java:221)
	at org.testng.internal.invokers.MethodRunner.runInSequence(MethodRunner.java:50)
	at org.testng.internal.invokers.TestInvoker$MethodInvocationAgent.invoke(TestInvoker.java:962)
	at org.testng.internal.invokers.TestInvoker.invokeTestMethods(TestInvoker.java:194)
	at org.testng.internal.invokers.TestMethodWorker.invokeTestMethods(TestMethodWorker.java:148)
	at org.testng.internal.invokers.TestMethodWorker.run(TestMethodWorker.java:128)
	at java.base/java.util.ArrayList.forEach(ArrayList.java:1511)
	at org.testng.TestRunner.privateRun(TestRunner.java:806)
	at org.testng.TestRunner.run(TestRunner.java:601)
	at org.testng.SuiteRunner.runTest(SuiteRunner.java:433)
	at org.testng.SuiteRunner.runSequentially(SuiteRunner.java:427)
	at org.testng.SuiteRunner.privateRun(SuiteRunner.java:387)
	at org.testng.SuiteRunner.run(SuiteRunner.java:330)
	at org.testng.SuiteRunnerWorker.runSuite(SuiteRunnerWorker.java:52)
	at org.testng.SuiteRunnerWorker.run(SuiteRunnerWorker.java:95)
	at org.testng.TestNG.runSuitesSequentially(TestNG.java:1256)
	at org.testng.TestNG.runSuitesLocally(TestNG.java:1176)
	at org.testng.TestNG.runSuites(TestNG.java:1099)
	at org.testng.TestNG.run(TestNG.java:1067)
	at org.apache.maven.surefire.testng.TestNGExecutor.run(TestNGExecutor.java:324)
	at org.apache.maven.surefire.testng.TestNGXmlTestSuite.execute(TestNGXmlTestSuite.java:74)
	at org.apache.maven.surefire.testng.TestNGProvider.invoke(TestNGProvider.java:123)
	at org.apache.maven.surefire.booter.ForkedBooter.runSuitesInProcess(ForkedBooter.java:456)
	at org.apache.maven.surefire.booter.ForkedBooter.execute(ForkedBooter.java:169)
	at org.apache.maven.surefire.booter.ForkedBooter.run(ForkedBooter.java:595)
	at org.apache.maven.surefire.booter.ForkedBooter.main(ForkedBooter.java:581)
]]></failure>
    <system-err><![CDATA[SLF4J: Failed to load class "org.slf4j.impl.StaticLoggerBinder".
SLF4J: Defaulting to no-operation (NOP) logger implementation
SLF4J: See http://www.slf4j.org/codes.html#StaticLoggerBinder for further details.
1665375053249	geckodriver	INFO	Listening on 127.0.0.1:60894
1665375053459	mozrunner::runner	INFO	Running command: "/Applications/Firefox.app/Contents/MacOS/firefox-bin" "--marionette" "--remote-debugging-port" "58894" "--remote-allow-hosts" "localhost" "--remote-allow-origins" "http://127.0.0.1:58894/,http://localhost:58894/,http://[::1]:58894/" "-foreground" "-no-remote" "-profile" "/var/folders/5s/r45ms75d7ydfv1p3hzj891xc0000gn/T/rust_mozprofileu5WFP5"
2022-10-10 00:10:53.952 plugin-container[86868:16134808] nil host used in call to allowsSpecificHTTPSCertificateForHost
2022-10-10 00:10:53.953 plugin-container[86868:16134808] nil host used in call to allowsAnyHTTPSCertificateForHost:
2022-10-10 00:10:53.957 plugin-container[86868:16134808] nil host used in call to allowsSpecificHTTPSCertificateForHost
2022-10-10 00:10:53.957 plugin-container[86868:16134808] nil host used in call to allowsAnyHTTPSCertificateForHost:
2022-10-10 00:10:53.958 plugin-container[86868:16134813] nil host used in call to allowsSpecificHTTPSCertificateForHost
2022-10-10 00:10:53.958 plugin-container[86868:16134813] nil host used in call to allowsAnyHTTPSCertificateForHost:
1665375053967	Marionette	INFO	Marionette enabled
1665375054008	Marionette	INFO	Listening on port 58196
Read port: 58196
WebDriver BiDi listening on ws://127.0.0.1:58894
1665375054292	RemoteAgent	WARN	TLS certificate errors will be ignored for this session
console.warn: SearchSettings: "get: No settings file exists, new profile?" (new NotFoundError("Could not open the file at /var/folders/5s/r45ms75d7ydfv1p3hzj891xc0000gn/T/rust_mozprofileu5WFP5/search.json.mozlz4", (void 0)))
DevTools listening on ws://127.0.0.1:58894/devtools/browser/164600a1-427d-44ad-80f0-d977651e291e
Oct 10, 2022 12:10:55 AM org.openqa.selenium.remote.ProtocolHandshake createSession
INFO: Detected upstream dialect: W3C
1665375057635	Marionette	INFO	Stopped listening on port 58196
Marionette threw an error: TypeError: browsingContext.currentWindowGlobal is null
getMarionetteCommandsActorProxy/get/<@chrome://remote/content/marionette/actors/MarionetteCommandsParent.jsm:337:29

]]></system-err>
  </testcase>
</testsuite>