<?xml version="1.0" encoding="UTF-8"?>
<testsuite xmlns:xsi="http://www.w3.org/2001/XMLSchema-instance" xsi:noNamespaceSchemaLocation="https://maven.apache.org/surefire/maven-surefire-plugin/xsd/surefire-test-report-3.0.xsd" version="3.0" name="TestSuite" time="8.162" tests="1" errors="0" skipped="0" failures="0">
  <properties>
[...]
</properties>
  <testcase name="FlightTest[http://automationpractice.com/index.php?, webdriver.gecko.driver, /Users/fayeemmooktadeer/Downloads/geckodriver, fayeemf@gmail.com, Kuta123](1)" classname="POMstructure.FlightEndToEndTest" time="7.611">
    <system-err><![CDATA[SLF4J: Failed to load class "org.slf4j.impl.StaticLoggerBinder".
SLF4J: Defaulting to no-operation (NOP) logger implementation
SLF4J: See http://www.slf4j.org/codes.html#StaticLoggerBinder for further details.
1665368932438	geckodriver	INFO	Listening on 127.0.0.1:53621
1665368932651	mozrunner::runner	INFO	Running command: "/Applications/Firefox.app/Contents/MacOS/firefox-bin" "--marionette" "--remote-debugging-port" "63735" "--remote-allow-hosts" "localhost" "--remote-allow-origins" "http://127.0.0.1:63735/,http://localhost:63735/,http://[::1]:63735/" "-foreground" "-no-remote" "-profile" "/var/folders/5s/r45ms75d7ydfv1p3hzj891xc0000gn/T/rust_mozprofileJizxNu"
1665368933223	Marionette	INFO	Marionette enabled
2022-10-09 22:28:53.260 plugin-container[83739:16037838] nil host used in call to allowsSpecificHTTPSCertificateForHost
2022-10-09 22:28:53.261 plugin-container[83739:16037838] nil host used in call to allowsAnyHTTPSCertificateForHost:
1665368933276	Marionette	INFO	Listening on port 50178
2022-10-09 22:28:53.285 plugin-container[83739:16037838] nil host used in call to allowsSpecificHTTPSCertificateForHost
2022-10-09 22:28:53.285 plugin-container[83739:16037838] nil host used in call to allowsAnyHTTPSCertificateForHost:
2022-10-09 22:28:53.285 plugin-container[83739:16037840] nil host used in call to allowsSpecificHTTPSCertificateForHost
2022-10-09 22:28:53.285 plugin-container[83739:16037840] nil host used in call to allowsAnyHTTPSCertificateForHost:
Read port: 50178
WebDriver BiDi listening on ws://127.0.0.1:63735
1665368933539	RemoteAgent	WARN	TLS certificate errors will be ignored for this session
console.warn: SearchSettings: "get: No settings file exists, new profile?" (new NotFoundError("Could not open the file at /var/folders/5s/r45ms75d7ydfv1p3hzj891xc0000gn/T/rust_mozprofileJizxNu/search.json.mozlz4", (void 0)))
DevTools listening on ws://127.0.0.1:63735/devtools/browser/6b8dcbc1-434a-4591-b0ab-dd6626ee590c
Oct 09, 2022 10:28:55 PM org.openqa.selenium.remote.ProtocolHandshake createSession
INFO: Detected upstream dialect: W3C
console.warn: LoginRecipes: "Falling back to a synchronous message for: http://automationpractice.com."
]]></system-err>
  </testcase>
</testsuite>