<?xml version="1.0" encoding="UTF-8"?>
<testng-results ignored="0" total="1" passed="1" failed="0" skipped="0">
  <reporter-output>
  </reporter-output>
  <suite started-at="2022-10-09T23:11:37 EDT" name="All Test Suite" finished-at="2022-10-09T23:11:50 EDT" duration-ms="12243">
    <groups>
    </groups>
    <test started-at="2022-10-09T23:11:37 EDT" name=" Regression Test" finished-at="2022-10-09T23:11:50 EDT" duration-ms="12243">
      <class name="POMstructure.FlightEndToEndTest">
        <test-method signature="FlightTest(java.lang.String,java.lang.String,java.lang.String,java.lang.String,java.lang.String)[pri:0, instance:POMstructure.FlightEndToEndTest@61dd025]" started-at="2022-10-09T23:11:37 EDT" name="FlightTest" finished-at="2022-10-09T23:11:50 EDT" duration-ms="12210" status="PASS">
          <params>
            <param index="0">
              <value>
                <![CDATA[http://automationpractice.com/index.php?]]>
              </value>
            </param>
            <param index="1">
              <value>
                <![CDATA[webdriver.gecko.driver]]>
              </value>
            </param>
            <param index="2">
              <value>
                <![CDATA[/Users/fayeemmooktadeer/Downloads/geckodriver]]>
              </value>
            </param>
            <param index="3">
              <value>
                <![CDATA[fayeemf@gmail.com]]>
              </value>
            </param>
            <param index="4">
              <value>
                <![CDATA[Kuta123]]>
              </value>
            </param>
          </params>
          <reporter-output>
          </reporter-output>
        </test-method> <!-- FlightTest -->
      </class> <!-- POMstructure.FlightEndToEndTest -->
    </test> <!--  Regression Test -->
  </suite> <!-- All Test Suite -->
</testng-results>
