<?xml version="1.0" encoding="UTF-8"?>
<testng-results ignored="0" total="1" passed="1" failed="0" skipped="0">
  <reporter-output>
  </reporter-output>
  <suite started-at="2022-11-12T00:22:01 EST" name="All Test Suite" finished-at="2022-11-12T00:22:09 EST" duration-ms="7670">
    <groups>
    </groups>
    <test started-at="2022-11-12T00:22:01 EST" name="Smoke Test" finished-at="2022-11-12T00:22:09 EST" duration-ms="7670">
      <class name="Shopping">
        <test-method signature="POMOrientated()[pri:0, instance:Shopping@3754a4bf]" started-at="2022-11-12T00:22:01 EST" name="POMOrientated" finished-at="2022-11-12T00:22:09 EST" duration-ms="7632" status="PASS">
          <reporter-output>
          </reporter-output>
        </test-method> <!-- POMOrientated -->
      </class> <!-- Shopping -->
    </test> <!-- Smoke Test -->
  </suite> <!-- All Test Suite -->
</testng-results>
