<?xml version="1.0" encoding="UTF-8"?>
<testng-results ignored="0" total="1" passed="1" failed="0" skipped="0">
  <reporter-output>
  </reporter-output>
  <suite started-at="2022-10-31T14:39:55 EDT" name="All Test Suite" finished-at="2022-10-31T14:40:11 EDT" duration-ms="16817">
    <groups>
    </groups>
    <test started-at="2022-10-31T14:39:55 EDT" name="Regression Test" finished-at="2022-10-31T14:40:11 EDT" duration-ms="16817">
      <class name="WebPages.ShoppingDriver">
        <test-method signature="ShoppingFrameWorkImplementation(java.lang.String,java.lang.String,java.lang.String,java.lang.String,java.lang.String,java.lang.String,java.lang.String)[pri:0, instance:WebPages.ShoppingDriver@659499f1]" started-at="2022-10-31T14:39:55 EDT" name="ShoppingFrameWorkImplementation" finished-at="2022-10-31T14:40:11 EDT" duration-ms="16769" status="PASS">
          <params>
            <param index="0">
              <value>
                <![CDATA[https://rahulshettyacademy.com/client/]]>
              </value>
            </param>
            <param index="1">
              <value>
                <![CDATA[webdriver.gecko.driver]]>
              </value>
            </param>
            <param index="2">
              <value>
                <![CDATA[/Users/fayeemmooktadeer/Downloads/geckodriver]]>
              </value>
            </param>
            <param index="3">
              <value>
                <![CDATA[fayeemajidul@gmail.com]]>
              </value>
            </param>
            <param index="4">
              <value>
                <![CDATA[Password123]]>
              </value>
            </param>
            <param index="5">
              <value>
                <![CDATA[Zara]]>
              </value>
            </param>
            <param index="6">
              <value>
                <![CDATA[Bangladesh]]>
              </value>
            </param>
          </params>
          <reporter-output>
          </reporter-output>
        </test-method> <!-- ShoppingFrameWorkImplementation -->
      </class> <!-- WebPages.ShoppingDriver -->
    </test> <!-- Regression Test -->
  </suite> <!-- All Test Suite -->
</testng-results>
