<?xml version="1.0" encoding="UTF-8"?>
<testng-results ignored="0" total="1" passed="1" failed="0" skipped="0">
  <reporter-output>
  </reporter-output>
  <suite started-at="2022-10-19T20:48:48 EDT" name="All Test Suite" finished-at="2022-10-19T20:48:54 EDT" duration-ms="5919">
    <groups>
    </groups>
    <test started-at="2022-10-19T20:48:48 EDT" name="Regression Test" finished-at="2022-10-19T20:48:54 EDT" duration-ms="5919">
      <class name="AirlineDriver">
        <test-method signature="AirlineFramework()[pri:0, instance:AirlineDriver@12d4bf7e]" started-at="2022-10-19T20:48:48 EDT" name="AirlineFramework" finished-at="2022-10-19T20:48:54 EDT" duration-ms="5896" status="PASS">
          <reporter-output>
          </reporter-output>
        </test-method> <!-- AirlineFramework -->
      </class> <!-- AirlineDriver -->
    </test> <!-- Regression Test -->
  </suite> <!-- All Test Suite -->
</testng-results>
