<?xml version="1.0" encoding="UTF-8"?>
<testsuite xmlns:xsi="http://www.w3.org/2001/XMLSchema-instance" xsi:noNamespaceSchemaLocation="https://maven.apache.org/surefire/maven-surefire-plugin/xsd/surefire-test-report-3.0.xsd" version="3.0" name="TestSuite" time="11.251" tests="1" errors="0" skipped="0" failures="0">
  <properties>
[...]
</properties>
  <testcase name="shoppingFrameWork" classname="ShoppingDriver" time="10.956">
    <system-err><![CDATA[SLF4J: Failed to load class "org.slf4j.impl.StaticLoggerBinder".
SLF4J: Defaulting to no-operation (NOP) logger implementation
SLF4J: See http://www.slf4j.org/codes.html#StaticLoggerBinder for further details.
1666557996915	geckodriver	INFO	Listening on 127.0.0.1:58723
1666557997102	mozrunner::runner	INFO	Running command: "/Applications/Firefox.app/Contents/MacOS/firefox-bin" "--marionette" "--remote-debugging-port" "51034" "--remote-allow-hosts" "localhost" "--remote-allow-origins" "http://127.0.0.1:51034/,http://localhost:51034/,http://[::1]:51034/" "-foreground" "-no-remote" "-profile" "/var/folders/5s/r45ms75d7ydfv1p3hzj891xc0000gn/T/rust_mozprofilexoEB8q"
2022-10-23 16:46:37.499 plugin-container[37626:672280] nil host used in call to allowsSpecificHTTPSCertificateForHost
2022-10-23 16:46:37.499 plugin-container[37626:672280] nil host used in call to allowsAnyHTTPSCertificateForHost:
2022-10-23 16:46:37.503 plugin-container[37626:672280] nil host used in call to allowsSpecificHTTPSCertificateForHost
2022-10-23 16:46:37.503 plugin-container[37626:672280] nil host used in call to allowsAnyHTTPSCertificateForHost:
2022-10-23 16:46:37.503 plugin-container[37626:672285] nil host used in call to allowsSpecificHTTPSCertificateForHost
2022-10-23 16:46:37.503 plugin-container[37626:672285] nil host used in call to allowsAnyHTTPSCertificateForHost:
1666557997513	Marionette	INFO	Marionette enabled
1666557997547	Marionette	INFO	Listening on port 53599
Read port: 53599
WebDriver BiDi listening on ws://127.0.0.1:51034
1666557997774	RemoteAgent	WARN	TLS certificate errors will be ignored for this session
console.warn: SearchSettings: "get: No settings file exists, new profile?" (new NotFoundError("Could not open the file at /var/folders/5s/r45ms75d7ydfv1p3hzj891xc0000gn/T/rust_mozprofilexoEB8q/search.json.mozlz4", (void 0)))
DevTools listening on ws://127.0.0.1:51034/devtools/browser/14db475d-1197-4fae-b094-818a8cf655fd
Oct 23, 2022 4:46:39 PM org.openqa.selenium.remote.ProtocolHandshake createSession
INFO: Detected upstream dialect: W3C
console.warn: LoginRecipes: "Falling back to a synchronous message for: https://rahulshettyacademy.com."
console.warn: LoginRecipes: "Falling back to a synchronous message for: https://rahulshettyacademy.com."
1666558007024	RemoteAgent	INFO	Perform WebSocket upgrade for incoming connection from 127.0.0.1:53861
1666558007026	CDP	ERROR	Invalid browser preferences for CDP. Set "fission.webContentIsolationStrategy"to 0 and "fission.bfcacheInParent" to false before Firefox starts.
Oct 23, 2022 4:46:47 PM org.openqa.selenium.devtools.CdpVersionFinder findNearestMatch
INFO: Found exact CDP implementation for version 85
1666558007048	Marionette	INFO	Stopped listening on port 53599
JavaScript error: resource://services-settings/RemoteSettingsWorker.jsm, line 145: Error: Shutdown, aborting read-only worker requests.
]]></system-err>
  </testcase>
</testsuite>